<?xml version="1.0" encoding="UTF-8"?>
<!-- Generated by org.testng.reporters.JUnitReportReporter -->
<testsuite hostname="LAPTOP-LT8N4FN4" failures="0" tests="2" name="Assignment1.Case6_Selectable_Test" time="3.730" errors="0" timestamp="23 Nov 2020 04:00:33 GMT" skipped="0">
  <testcase classname="Assignment1.Case6_Selectable_Test" name="selectable_defaultFunctionality" time="0.404"/>
  <testcase classname="Assignment1.Case6_Selectable_Test" name="selectable_Serialize" time="3.326"/>
</testsuite> <!-- Assignment1.Case6_Selectable_Test -->
