<?xml version="1.0" encoding="UTF-8"?>
<!-- Generated by org.testng.reporters.JUnitReportReporter -->
<testsuite hostname="LAPTOP-LT8N4FN4" failures="0" tests="4" name="Assignment1.Case6_Test" time="11.388" errors="0" timestamp="21 Jul 2020 13:04:17 GMT" skipped="0">
  <testcase classname="Assignment1.Case6_Test" name="selectable_Serialize" time="3.306"/>
  <testcase classname="Assignment1.Case6_Test" name="initializeBrowser" time="6.438"/>
  <testcase classname="Assignment1.Case6_Test" name="selectable_defaultFunctionality" time="0.417"/>
  <testcase classname="Assignment1.Case6_Test" name="selectable_defaultFunctionality_MultiSelect" time="1.227"/>
</testsuite> <!-- Assignment1.Case6_Test -->
