<?xml version="1.0" encoding="UTF-8"?>
<!-- Generated by org.testng.reporters.JUnitReportReporter -->
<testsuite hostname="LAPTOP-LT8N4FN4" failures="0" tests="3" name="Assignment1.Case3_Windows_Test" time="32.262" errors="0" timestamp="23 Nov 2020 04:00:33 GMT" skipped="0">
  <testcase classname="Assignment1.Case3_Windows_Test" name="openNewSeperateWindow" time="9.875"/>
  <testcase classname="Assignment1.Case3_Windows_Test" name="openSeperateMultipleWindows" time="12.378"/>
  <testcase classname="Assignment1.Case3_Windows_Test" name="openNewTabbedWindow" time="10.009"/>
</testsuite> <!-- Assignment1.Case3_Windows_Test -->
