<?xml version="1.0" encoding="UTF-8"?>
<!-- Generated by org.testng.reporters.JUnitReportReporter -->
<testsuite hostname="LAPTOP-LT8N4FN4" failures="0" tests="3" name="Assignment1.Case3_Test" time="50.677" errors="0" timestamp="21 Jul 2020 13:04:17 GMT" skipped="0">
  <testcase classname="Assignment1.Case3_Test" name="openSeperateMultipleWindows" time="31.422"/>
  <testcase classname="Assignment1.Case3_Test" name="openNewTabbedWindow" time="9.620"/>
  <testcase classname="Assignment1.Case3_Test" name="openNewSeperateWindow" time="9.635"/>
</testsuite> <!-- Assignment1.Case3_Test -->
