<?xml version="1.0" encoding="UTF-8"?>
<!-- Generated by org.testng.reporters.JUnitReportReporter -->
<testsuite hostname="LAPTOP-LT8N4FN4" failures="0" tests="1" name="Assignment1.DatePicker" time="13.954" errors="0" timestamp="29 Jul 2020 13:16:12 GMT" skipped="0">
  <testcase classname="Assignment1.DatePicker" name="datePicker" time="13.954"/>
</testsuite> <!-- Assignment1.DatePicker -->
