<?xml version="1.0" encoding="UTF-8"?>
<!-- Generated by org.testng.reporters.JUnitReportReporter -->
<testsuite hostname="LAPTOP-LT8N4FN4" failures="0" tests="3" name="Assignment1.Case1_Test" time="37.258" errors="0" timestamp="21 Jul 2020 13:04:17 GMT" skipped="0">
  <testcase classname="Assignment1.Case1_Test" name="registerNewUser" time="14.231"/>
  <testcase classname="Assignment1.Case1_Test" name="refreshRegisterPage" time="10.718"/>
  <testcase classname="Assignment1.Case1_Test" name="passwordMismatch" time="12.309"/>
</testsuite> <!-- Assignment1.Case1_Test -->
