<?xml version="1.0" encoding="UTF-8"?>
<!-- Generated by org.testng.reporters.JUnitReportReporter -->
<testsuite hostname="LAPTOP-LT8N4FN4" failures="0" tests="3" name="Assignment1.Case4_Test" time="7.418" errors="0" timestamp="21 Jul 2020 13:04:17 GMT" skipped="0">
  <testcase classname="Assignment1.Case4_Test" name="sigleIframe_validation" time="0.223"/>
  <testcase classname="Assignment1.Case4_Test" name="multipleFrames_validation" time="0.757"/>
  <testcase classname="Assignment1.Case4_Test" name="initializeBrowser" time="6.438"/>
</testsuite> <!-- Assignment1.Case4_Test -->
