<?xml version="1.0" encoding="UTF-8"?>
<!-- Generated by org.testng.reporters.JUnitReportReporter -->
<testsuite hostname="LAPTOP-LT8N4FN4" failures="0" tests="4" name="Assignment1.Case7_Gillette_Test" time="61.356" errors="0" timestamp="23 Nov 2020 04:00:33 GMT" skipped="0">
  <testcase classname="Assignment1.Case7_Gillette_Test" name="loginIn" time="18.597"/>
  <testcase classname="Assignment1.Case7_Gillette_Test" name="loginIn" time="13.030"/>
  <testcase classname="Assignment1.Case7_Gillette_Test" name="register" time="17.715"/>
  <testcase classname="Assignment1.Case7_Gillette_Test" name="register" time="12.014"/>
</testsuite> <!-- Assignment1.Case7_Gillette_Test -->
