<?xml version="1.0" encoding="UTF-8"?>
<!-- Generated by org.testng.reporters.JUnitReportReporter -->
<testsuite hostname="LAPTOP-LT8N4FN4" failures="0" tests="4" name="Assignment1.Case2_Test" time="8.421" errors="0" timestamp="21 Jul 2020 13:04:17 GMT" skipped="0">
  <testcase classname="Assignment1.Case2_Test" name="verifyAlertWithOKBtn" time="0.250"/>
  <testcase classname="Assignment1.Case2_Test" name="verifyAlertWithTextBox" time="0.499"/>
  <testcase classname="Assignment1.Case2_Test" name="verifyAlertWithOKCancelBtn" time="1.125"/>
  <testcase classname="Assignment1.Case2_Test" name="initializeBrowser" time="6.547"/>
</testsuite> <!-- Assignment1.Case2_Test -->
